0 silly argv {
0 silly argv   _: [ 'exec' ],
0 silly argv   args: [],
0 silly argv   '--': [ 'npm', 'install' ],
0 silly argv   lernaVersion: '7.1.1',
0 silly argv   '$0': '/home/ahmedfathy/MyDisk/Courses/Frontend_Diploma/Fourth-Track/calorie-tracker-app/node_modules/.bin/lerna'
0 silly argv }
1 notice cli v7.1.1
2 verbose packageConfigs Explicit "packages" configuration found in lerna.json. Resolving packages using the configured glob(s): ["packages/*"]
3 verbose rootPath /home/ahmedfathy/MyDisk/Courses/Frontend_Diploma/Fourth-Track/calorie-tracker-app
4 error Error: Failed to process the project graph with "nx-js-graph-plugin".
4 error Unknown package manager npm or lock file missing
4 error     at lockFileHash (/home/ahmedfathy/MyDisk/Courses/Frontend_Diploma/Fourth-Track/calorie-tracker-app/node_modules/nx/src/plugins/js/lock-file/lock-file.js:60:15)
4 error     at /home/ahmedfathy/MyDisk/Courses/Frontend_Diploma/Fourth-Track/calorie-tracker-app/node_modules/nx/src/plugins/js/index.js:21:59
4 error     at Generator.next (<anonymous>)
4 error     at /home/ahmedfathy/MyDisk/Courses/Frontend_Diploma/Fourth-Track/calorie-tracker-app/node_modules/tslib/tslib.js:169:75
4 error     at new Promise (<anonymous>)
4 error     at Object.__awaiter (/home/ahmedfathy/MyDisk/Courses/Frontend_Diploma/Fourth-Track/calorie-tracker-app/node_modules/tslib/tslib.js:165:16)
4 error     at Object.processProjectGraph (/home/ahmedfathy/MyDisk/Courses/Frontend_Diploma/Fourth-Track/calorie-tracker-app/node_modules/nx/src/plugins/js/index.js:15:57)
4 error     at /home/ahmedfathy/MyDisk/Courses/Frontend_Diploma/Fourth-Track/calorie-tracker-app/node_modules/nx/src/project-graph/build-project-graph.js:121:38
4 error     at Generator.next (<anonymous>)
